<?xml version="1.0" encoding="UTF-8"?>
<testsuite name="FornovaTestSuite.TestSuite" time="943.419" tests="28" errors="0" skipped="0" failures="0">
  <properties>
    <property name="java.runtime.name" value="Java(TM) SE Runtime Environment"/>
    <property name="sun.boot.library.path" value="/usr/lib/jvm/java-8-oracle/jre/lib/amd64"/>
    <property name="java.vm.version" value="25.91-b14"/>
    <property name="java.vm.vendor" value="Oracle Corporation"/>
    <property name="maven.multiModuleProjectDirectory" value="/home/zzevss/IdeaProjects/FornovaTestSuite_28_tests"/>
    <property name="java.vendor.url" value="http://java.oracle.com/"/>
    <property name="path.separator" value=":"/>
    <property name="guice.disable.misplaced.annotation.check" value="true"/>
    <property name="java.vm.name" value="Java HotSpot(TM) 64-Bit Server VM"/>
    <property name="file.encoding.pkg" value="sun.io"/>
    <property name="user.country" value="US"/>
    <property name="sun.java.launcher" value="SUN_STANDARD"/>
    <property name="sun.os.patch.level" value="unknown"/>
    <property name="java.vm.specification.name" value="Java Virtual Machine Specification"/>
    <property name="user.dir" value="/home/zzevss/IdeaProjects/FornovaTestSuite_28_tests"/>
    <property name="java.runtime.version" value="1.8.0_91-b14"/>
    <property name="java.awt.graphicsenv" value="sun.awt.X11GraphicsEnvironment"/>
    <property name="java.endorsed.dirs" value="/usr/lib/jvm/java-8-oracle/jre/lib/endorsed"/>
    <property name="os.arch" value="amd64"/>
    <property name="java.io.tmpdir" value="/tmp"/>
    <property name="line.separator" value="&#10;"/>
    <property name="java.vm.specification.vendor" value="Oracle Corporation"/>
    <property name="os.name" value="Linux"/>
    <property name="classworlds.conf" value="/usr/share/maven/bin/m2.conf"/>
    <property name="sun.jnu.encoding" value="UTF-8"/>
    <property name="java.library.path" value="/usr/java/packages/lib/amd64:/usr/lib64:/lib64:/lib:/usr/lib"/>
    <property name="java.specification.name" value="Java Platform API Specification"/>
    <property name="java.class.version" value="52.0"/>
    <property name="sun.management.compiler" value="HotSpot 64-Bit Tiered Compilers"/>
    <property name="os.version" value="4.4.0-22-generic"/>
    <property name="user.home" value="/home/zzevss"/>
    <property name="user.timezone" value="Europe/Kiev"/>
    <property name="java.awt.printerjob" value="sun.print.PSPrinterJob"/>
    <property name="file.encoding" value="UTF-8"/>
    <property name="java.specification.version" value="1.8"/>
    <property name="user.name" value="zzevss"/>
    <property name="java.class.path" value="/usr/share/maven/boot/plexus-classworlds-2.x.jar"/>
    <property name="java.vm.specification.version" value="1.8"/>
    <property name="sun.arch.data.model" value="64"/>
    <property name="java.home" value="/usr/lib/jvm/java-8-oracle/jre"/>
    <property name="sun.java.command" value="org.codehaus.plexus.classworlds.launcher.Launcher clean test"/>
    <property name="java.specification.vendor" value="Oracle Corporation"/>
    <property name="user.language" value="en"/>
    <property name="awt.toolkit" value="sun.awt.X11.XToolkit"/>
    <property name="java.vm.info" value="mixed mode"/>
    <property name="java.version" value="1.8.0_91"/>
    <property name="java.ext.dirs" value="/usr/lib/jvm/java-8-oracle/jre/lib/ext:/usr/java/packages/lib/ext"/>
    <property name="securerandom.source" value="file:/dev/./urandom"/>
    <property name="sun.boot.class.path" value="/usr/lib/jvm/java-8-oracle/jre/lib/resources.jar:/usr/lib/jvm/java-8-oracle/jre/lib/rt.jar:/usr/lib/jvm/java-8-oracle/jre/lib/sunrsasign.jar:/usr/lib/jvm/java-8-oracle/jre/lib/jsse.jar:/usr/lib/jvm/java-8-oracle/jre/lib/jce.jar:/usr/lib/jvm/java-8-oracle/jre/lib/charsets.jar:/usr/lib/jvm/java-8-oracle/jre/lib/jfr.jar:/usr/lib/jvm/java-8-oracle/jre/classes"/>
    <property name="java.vendor" value="Oracle Corporation"/>
    <property name="maven.home" value="/usr/share/maven"/>
    <property name="file.separator" value="/"/>
    <property name="java.vendor.url.bug" value="http://bugreport.sun.com/bugreport/"/>
    <property name="sun.cpu.endian" value="little"/>
    <property name="sun.io.unicode.encoding" value="UnicodeLittle"/>
    <property name="sun.desktop" value="gnome"/>
    <property name="sun.cpu.isalist" value=""/>
  </properties>
  <testcase name="CMChangeClusterHotel_1" classname="FornovaTestSuite.TestSuite" time="10.292"/>
  <testcase name="CMduplicateDelete_2" classname="FornovaTestSuite.TestSuite" time="20.153"/>
  <testcase name="CMeditCampaign_3" classname="FornovaTestSuite.TestSuite" time="27.435"/>
  <testcase name="CMgroupBy_4" classname="FornovaTestSuite.TestSuite" time="17.482"/>
  <testcase name="CMmasterDetailOnOff_5" classname="FornovaTestSuite.TestSuite" time="10.269"/>
  <testcase name="CMsearchInputClear_6" classname="FornovaTestSuite.TestSuite" time="8.291"/>
  <testcase name="CMtypeSymb_7" classname="FornovaTestSuite.TestSuite" time="15.368"/>
  <testcase name="ChainManagementComboboxTest_8" classname="FornovaTestSuite.TestSuite" time="26.252"/>
  <testcase name="ChainManagementEditChangeLogo_9" classname="FornovaTestSuite.TestSuite" time="54.788"/>
  <testcase name="ChainManagementNewChain_10" classname="FornovaTestSuite.TestSuite" time="27.684"/>
  <testcase name="ChainManagementResetCancel_11" classname="FornovaTestSuite.TestSuite" time="30.843"/>
  <testcase name="ChainManagementSearchField_12" classname="FornovaTestSuite.TestSuite" time="35.386"/>
  <testcase name="HMeditHotel_13" classname="FornovaTestSuite.TestSuite" time="43.969"/>
  <testcase name="HMnewCluster_14" classname="FornovaTestSuite.TestSuite" time="40.264"/>
  <testcase name="HMnewHotel_15" classname="FornovaTestSuite.TestSuite" time="56.903"/>
  <testcase name="HMsearchFormTest_16" classname="FornovaTestSuite.TestSuite" time="54.919"/>
  <testcase name="UMaddNewUser_21" classname="FornovaTestSuite.TestSuite" time="65.513"/>
  <testcase name="UMchangePasswordWrong_22" classname="FornovaTestSuite.TestSuite" time="72.258"/>
  <testcase name="UMchangeUserPassword_23" classname="FornovaTestSuite.TestSuite" time="87.051"/>
  <testcase name="UMeditProfile_24" classname="FornovaTestSuite.TestSuite" time="91.665"/>
  <testcase name="UMinviteSearch_25" classname="FornovaTestSuite.TestSuite" time="38.789"/>
  <testcase name="UMresendInvitation_26" classname="FornovaTestSuite.TestSuite" time="34.813"/>
  <testcase name="UMresetCancel_27" classname="FornovaTestSuite.TestSuite" time="21.774"/>
  <testcase name="UMsearchTest_28" classname="FornovaTestSuite.TestSuite" time="13.738"/>
  <testcase name="loginFogot_17" classname="FornovaTestSuite.TestSuite" time="5.199"/>
  <testcase name="loginNegativeWrongLogin_18" classname="FornovaTestSuite.TestSuite" time="9.547"/>
  <testcase name="loginNegativeWrongPass_19" classname="FornovaTestSuite.TestSuite" time="9.65"/>
  <testcase name="loginPositive_20" classname="FornovaTestSuite.TestSuite" time="13.124"/>
</testsuite>